<?xml version="1.0" encoding="UTF-8"?>
<!-- Generated by org.testng.reporters.JUnitReportReporter -->
<testsuite skipped="0" hostname="LAPTOP-S1DPEGQP" name="MavenProject.CarDetailsChecking.TestRunner" tests="1" failures="0" timestamp="2020-07-07T17:38:18 BST" time="30.569" errors="0">
  <testcase name="Tests" time="30.569" classname="MavenProject.CarDetailsChecking.TestRunner"/>
  <system-out/>
</testsuite> <!-- MavenProject.CarDetailsChecking.TestRunner -->
